# JRE version: Java(TM) SE Runtime Environment (8.0_102-b14) (build 1.8.0_102-b14)
# Java VM: Java HotSpot(TM) 64-Bit Server VM (25.102-b14 mixed mode windows-amd64 compressed oops)
Heap:
 PSYoungGen      total 76288K, used 46984K [0x0000000775100000, 0x000000077e600000, 0x00000007c0000000)
  eden space 65536K, 71% used [0x0000000775100000,0x0000000777ee2030,0x0000000779100000)
  from space 10752K, 0% used [0x0000000779100000,0x0000000779100000,0x0000000779b80000)
  to   space 10752K, 0% used [0x000000077db80000,0x000000077db80000,0x000000077e600000)
 ParOldGen       total 120320K, used 13934K [0x00000006df200000, 0x00000006e6780000, 0x0000000775100000)
  object space 120320K, 11% used [0x00000006df200000,0x00000006dff9b8f0,0x00000006e6780000)
 Metaspace       used 26799K, capacity 27362K, committed 27648K, reserved 1073152K
  class space    used 3243K, capacity 3458K, committed 3584K, reserved 1048576K
GC Heap History (8 events):
Event: 0.952 GC heap before
{Heap before GC invocations=1 (full 0):
 PSYoungGen      total 76288K, used 64928K [0x0000000775100000, 0x000000077a600000, 0x00000007c0000000)
  eden space 65536K, 99% used [0x0000000775100000,0x00000007790682d0,0x0000000779100000)
  from space 10752K, 0% used [0x0000000779b80000,0x0000000779b80000,0x000000077a600000)
  to   space 10752K, 0% used [0x0000000779100000,0x0000000779100000,0x0000000779b80000)
 ParOldGen       total 175104K, used 0K [0x00000006df200000, 0x00000006e9d00000, 0x0000000775100000)
  object space 175104K, 0% used [0x00000006df200000,0x00000006df200000,0x00000006e9d00000)
 Metaspace       used 11222K, capacity 11314K, committed 11520K, reserved 1058816K
  class space    used 1239K, capacity 1272K, committed 1280K, reserved 1048576K
Event: 0.957 GC heap after
Heap after GC invocations=1 (full 0):
 PSYoungGen      total 76288K, used 8839K [0x0000000775100000, 0x000000077a600000, 0x00000007c0000000)
  eden space 65536K, 0% used [0x0000000775100000,0x0000000775100000,0x0000000779100000)
  from space 10752K, 82% used [0x0000000779100000,0x00000007799a1c00,0x0000000779b80000)
  to   space 10752K, 0% used [0x0000000779b80000,0x0000000779b80000,0x000000077a600000)
 ParOldGen       total 175104K, used 16K [0x00000006df200000, 0x00000006e9d00000, 0x0000000775100000)
  object space 175104K, 0% used [0x00000006df200000,0x00000006df204000,0x00000006e9d00000)
 Metaspace       used 11222K, capacity 11314K, committed 11520K, reserved 1058816K
  class space    used 1239K, capacity 1272K, committed 1280K, reserved 1048576K
}
Event: 1.653 GC heap before
{Heap before GC invocations=2 (full 0):
 PSYoungGen      total 76288K, used 74375K [0x0000000775100000, 0x000000077a600000, 0x00000007c0000000)
  eden space 65536K, 100% used [0x0000000775100000,0x0000000779100000,0x0000000779100000)
  from space 10752K, 82% used [0x0000000779100000,0x00000007799a1c00,0x0000000779b80000)
  to   space 10752K, 0% used [0x0000000779b80000,0x0000000779b80000,0x000000077a600000)
 ParOldGen       total 175104K, used 16K [0x00000006df200000, 0x00000006e9d00000, 0x0000000775100000)
  object space 175104K, 0% used [0x00000006df200000,0x00000006df204000,0x00000006e9d00000)
 Metaspace       used 18647K, capacity 18854K, committed 19072K, reserved 1067008K
  class space    used 2013K, capacity 2104K, committed 2176K, reserved 1048576K
Event: 1.663 GC heap after
Heap after GC invocations=2 (full 0):
 PSYoungGen      total 76288K, used 10740K [0x0000000775100000, 0x000000077a600000, 0x00000007c0000000)
  eden space 65536K, 0% used [0x0000000775100000,0x0000000775100000,0x0000000779100000)
  from space 10752K, 99% used [0x0000000779b80000,0x000000077a5fd1d8,0x000000077a600000)
  to   space 10752K, 0% used [0x0000000779100000,0x0000000779100000,0x0000000779b80000)
 ParOldGen       total 175104K, used 688K [0x00000006df200000, 0x00000006e9d00000, 0x0000000775100000)
  object space 175104K, 0% used [0x00000006df200000,0x00000006df2ac078,0x00000006e9d00000)
 Metaspace       used 18647K, capacity 18854K, committed 19072K, reserved 1067008K
  class space    used 2013K, capacity 2104K, committed 2176K, reserved 1048576K
}
Event: 1.892 GC heap before
{Heap before GC invocations=3 (full 0):
 PSYoungGen      total 76288K, used 49552K [0x0000000775100000, 0x000000077a600000, 0x00000007c0000000)
  eden space 65536K, 59% used [0x0000000775100000,0x00000007776e7070,0x0000000779100000)
  from space 10752K, 99% used [0x0000000779b80000,0x000000077a5fd1d8,0x000000077a600000)
  to   space 10752K, 0% used [0x0000000779100000,0x0000000779100000,0x0000000779b80000)
 ParOldGen       total 175104K, used 688K [0x00000006df200000, 0x00000006e9d00000, 0x0000000775100000)
  object space 175104K, 0% used [0x00000006df200000,0x00000006df2ac078,0x00000006e9d00000)
 Metaspace       used 20838K, capacity 21094K, committed 21248K, reserved 1069056K
  class space    used 2345K, capacity 2466K, committed 2560K, reserved 1048576K
Event: 1.902 GC heap after
Heap after GC invocations=3 (full 0):
 PSYoungGen      total 76288K, used 10740K [0x0000000775100000, 0x000000077e600000, 0x00000007c0000000)
  eden space 65536K, 0% used [0x0000000775100000,0x0000000775100000,0x0000000779100000)
  from space 10752K, 99% used [0x0000000779100000,0x0000000779b7d0c0,0x0000000779b80000)
  to   space 10752K, 0% used [0x000000077db80000,0x000000077db80000,0x000000077e600000)
 ParOldGen       total 175104K, used 4087K [0x00000006df200000, 0x00000006e9d00000, 0x0000000775100000)
  object space 175104K, 2% used [0x00000006df200000,0x00000006df5fdd48,0x00000006e9d00000)
 Metaspace       used 20838K, capacity 21094K, committed 21248K, reserved 1069056K
  class space    used 2345K, capacity 2466K, committed 2560K, reserved 1048576K
}
Event: 1.902 GC heap before
{Heap before GC invocations=4 (full 1):
 PSYoungGen      total 76288K, used 10740K [0x0000000775100000, 0x000000077e600000, 0x00000007c0000000)
  eden space 65536K, 0% used [0x0000000775100000,0x0000000775100000,0x0000000779100000)
  from space 10752K, 99% used [0x0000000779100000,0x0000000779b7d0c0,0x0000000779b80000)
  to   space 10752K, 0% used [0x000000077db80000,0x000000077db80000,0x000000077e600000)
 ParOldGen       total 175104K, used 4087K [0x00000006df200000, 0x00000006e9d00000, 0x0000000775100000)
  object space 175104K, 2% used [0x00000006df200000,0x00000006df5fdd48,0x00000006e9d00000)
 Metaspace       used 20838K, capacity 21094K, committed 21248K, reserved 1069056K
  class space    used 2345K, capacity 2466K, committed 2560K, reserved 1048576K
Event: 1.948 GC heap after
Heap after GC invocations=4 (full 1):
 PSYoungGen      total 76288K, used 0K [0x0000000775100000, 0x000000077e600000, 0x00000007c0000000)
  eden space 65536K, 0% used [0x0000000775100000,0x0000000775100000,0x0000000779100000)
  from space 10752K, 0% used [0x0000000779100000,0x0000000779100000,0x0000000779b80000)
  to   space 10752K, 0% used [0x000000077db80000,0x000000077db80000,0x000000077e600000)
 ParOldGen       total 120320K, used 13934K [0x00000006df200000, 0x00000006e6780000, 0x0000000775100000)
  object space 120320K, 11% used [0x00000006df200000,0x00000006dff9b8f0,0x00000006e6780000)
 Metaspace       used 20838K, capacity 21094K, committed 21248K, reserved 1069056K
  class space    used 2345K, capacity 2466K, committed 2560K, reserved 1048576K
}

